<?xml version="1.0" encoding="UTF-8"?>
<testsuite xmlns:xsi="http://www.w3.org/2001/XMLSchema-instance" xsi:noNamespaceSchemaLocation="https://maven.apache.org/surefire/maven-surefire-plugin/xsd/surefire-test-report.xsd" name="com.examples.myproject.AppTest" time="0.407" tests="1" errors="0" skipped="0" failures="0">
  <properties>
    <property name="java.specification.version" value="17"/>
    <property name="sun.cpu.isalist" value="amd64"/>
    <property name="sun.jnu.encoding" value="Cp1252"/>
    <property name="java.class.path" value="C:\git\LorenzoBettini\manips\ci\myproject\target\test-classes;C:\git\LorenzoBettini\manips\ci\myproject\target\classes;C:\Users\Mickey\.m2\repository\junit\junit\4.13\junit-4.13.jar;C:\Users\Mickey\.m2\repository\org\hamcrest\hamcrest-core\1.3\hamcrest-core-1.3.jar;"/>
    <property name="java.vm.vendor" value="Oracle Corporation"/>
    <property name="sun.arch.data.model" value="64"/>
    <property name="user.variant" value=""/>
    <property name="java.vendor.url" value="https://java.oracle.com/"/>
    <property name="user.timezone" value="Europe/Paris"/>
    <property name="os.name" value="Windows 10"/>
    <property name="java.vm.specification.version" value="17"/>
    <property name="sun.java.launcher" value="SUN_STANDARD"/>
    <property name="user.country" value="FR"/>
    <property name="sun.boot.library.path" value="C:\bin\java\openjdk17\openjdk-17.0.1_windows-x64_bin\jdk-17.0.1\bin"/>
    <property name="sun.java.command" value="C:\Users\Mickey\AppData\Local\Temp\surefire559598987361005126\surefirebooter7498380475188018683.jar C:\Users\Mickey\AppData\Local\Temp\surefire559598987361005126 2022-05-02T10-49-53_571-jvmRun1 surefire5134992822735693864tmp surefire_02849722779292351115tmp"/>
    <property name="jdk.debug" value="release"/>
    <property name="surefire.test.class.path" value="C:\git\LorenzoBettini\manips\ci\myproject\target\test-classes;C:\git\LorenzoBettini\manips\ci\myproject\target\classes;C:\Users\Mickey\.m2\repository\junit\junit\4.13\junit-4.13.jar;C:\Users\Mickey\.m2\repository\org\hamcrest\hamcrest-core\1.3\hamcrest-core-1.3.jar;"/>
    <property name="sun.cpu.endian" value="little"/>
    <property name="user.home" value="C:\Users\Mickey"/>
    <property name="user.language" value="fr"/>
    <property name="java.specification.vendor" value="Oracle Corporation"/>
    <property name="java.version.date" value="2021-10-19"/>
    <property name="java.home" value="C:\bin\java\openjdk17\openjdk-17.0.1_windows-x64_bin\jdk-17.0.1"/>
    <property name="file.separator" value="\"/>
    <property name="basedir" value="C:\git\LorenzoBettini\manips\ci\myproject"/>
    <property name="java.vm.compressedOopsMode" value="32-bit"/>
    <property name="line.separator" value="&#10;"/>
    <property name="java.vm.specification.vendor" value="Oracle Corporation"/>
    <property name="java.specification.name" value="Java Platform API Specification"/>
    <property name="surefire.real.class.path" value="C:\Users\Mickey\AppData\Local\Temp\surefire559598987361005126\surefirebooter7498380475188018683.jar"/>
    <property name="user.script" value=""/>
    <property name="sun.management.compiler" value="HotSpot 64-Bit Tiered Compilers"/>
    <property name="java.runtime.version" value="17.0.1+12-39"/>
    <property name="user.name" value="Mickey"/>
    <property name="path.separator" value=";"/>
    <property name="os.version" value="10.0"/>
    <property name="java.runtime.name" value="OpenJDK Runtime Environment"/>
    <property name="file.encoding" value="Cp1252"/>
    <property name="java.vm.name" value="OpenJDK 64-Bit Server VM"/>
    <property name="localRepository" value="C:\Users\Mickey\.m2\repository"/>
    <property name="java.vendor.url.bug" value="https://bugreport.java.com/bugreport/"/>
    <property name="java.io.tmpdir" value="C:\Users\Mickey\AppData\Local\Temp\"/>
    <property name="java.version" value="17.0.1"/>
    <property name="user.dir" value="C:\git\LorenzoBettini\manips\ci\myproject"/>
    <property name="os.arch" value="amd64"/>
    <property name="java.vm.specification.name" value="Java Virtual Machine Specification"/>
    <property name="sun.os.patch.level" value=""/>
    <property name="native.encoding" value="Cp1252"/>
    <property name="java.library.path" value="C:\bin\java\openjdk17\openjdk-17.0.1_windows-x64_bin\jdk-17.0.1\bin;C:\WINDOWS\Sun\Java\bin;C:\WINDOWS\system32;C:\WINDOWS;C:\Users\Mickey\bin;C:\bin\git\git2.12.0\Git\mingw64\bin;C:\bin\git\git2.12.0\Git\usr\local\bin;C:\bin\git\git2.12.0\Git\usr\bin;C:\bin\git\git2.12.0\Git\usr\bin;C:\bin\git\git2.12.0\Git\mingw64\bin;C:\bin\git\git2.12.0\Git\usr\bin;C:\Users\Mickey\bin;C:\bin\imagemagick\ImageMagick-7.0.3-Q16;C:\ProgramData\Oracle\Java\javapath;C:\bin\ImageMagick-6.8.9-Q16;C:\Program Files (x86)\NVIDIA Corporation\PhysX\Common;C:\Program Files (x86)\Intel\iCLS Client;C:\Program Files\Intel\iCLS Client;C:\WINDOWS\system32;C:\WINDOWS;C:\WINDOWS\System32\Wbem;C:\WINDOWS\System32\WindowsPowerShell\v1.0;C:\Program Files\Intel\Intel(R) Management Engine Components\DAL;C:\Program Files\Intel\Intel(R) Management Engine Components\IPT;C:\Program Files (x86)\Intel\Intel(R) Management Engine Components\DAL;C:\Program Files (x86)\Intel\Intel(R) Management Engine Components\IPT;C:\bin\miktex\Miktex2.9\miktex\bin\x64;%SPRING_HOME%\bin;C:\WINDOWS\System32\OpenSSH;C:\Program Files\Microsoft SQL Server\Client SDK\ODBC\110\Tools\Binn;C:\Program Files (x86)\Microsoft SQL Server\120\Tools\Binn;C:\Program Files\Microsoft SQL Server\120\Tools\Binn;C:\Program Files\Microsoft SQL Server\120\DTS\Binn;C:\bin\apache-maven-3.5.4\bin;C:\bin\maven-3-8-5\apache-maven-3.8.5\bin;C:\bin\apache-maven-3.6.0\apache-maven-3.6.0\bin;C:\bin\pandoc;C:\bin\java\openjdk17\openjdk-17.0.1_windows-x64_bin\jdk-17.0.1\bin;C:\bin\git\git2.12.0\Git\cmd;C:\bin\maven-3-8-5\apache-maven-3.8.5\maven-wrapper;C:\Users\Mickey\AppData\Local\Microsoft\WindowsApps;C:\bin\spring\spring-boot-cli-1.5.1.RELEASE\bin;C:\bin\gradle\gradle-4.7\bin;C:\Users\Mickey\AppData\Local\atom\bin;%USERPROFILE%\AppData\Local\Microsoft\WindowsApps;C:\bin\git\git2.12.0\Git\usr\bin\vendor_perl;C:\bin\git\git2.12.0\Git\usr\bin\core_perl;."/>
    <property name="java.vm.info" value="mixed mode, sharing"/>
    <property name="java.vendor" value="Oracle Corporation"/>
    <property name="java.vm.version" value="17.0.1+12-39"/>
    <property name="sun.io.unicode.encoding" value="UnicodeLittle"/>
    <property name="java.class.version" value="61.0"/>
  </properties>
  <testcase name="testSayHello" classname="com.examples.myproject.AppTest" time="0.009"/>
</testsuite>